{"numFailedTestSuites":0,"numFailedTests":0,"numPassedTestSuites":1,"numPassedTests":3,"numPendingTestSuites":0,"numPendingTests":0,"numRuntimeErrorTestSuites":0,"numTodoTests":0,"numTotalTestSuites":1,"numTotalTests":3,"openHandles":[],"snapshot":{"added":0,"didUpdate":false,"failure":false,"filesAdded":0,"filesRemoved":0,"filesRemovedList":[],"filesUnmatched":0,"filesUpdated":0,"matched":0,"total":0,"unchecked":0,"uncheckedKeysByFile":[],"unmatched":0,"updated":0},"startTime":1749065485333,"success":true,"testResults":[{"assertionResults":[{"ancestorTitles":["API Route: POST /api/jobs"],"duration":25,"failureDetails":[],"failureMessages":[],"fullName":"API Route: POST /api/jobs should create a job successfully with one new skill","invocations":1,"location":null,"numPassingAsserts":15,"retryReasons":[],"status":"passed","title":"should create a job successfully with one new skill"},{"ancestorTitles":["API Route: POST /api/jobs"],"duration":5,"failureDetails":[],"failureMessages":[],"fullName":"API Route: POST /api/jobs should return 400 for invalid input data (e.g., missing title)","invocations":1,"location":null,"numPassingAsserts":5,"retryReasons":[],"status":"passed","title":"should return 400 for invalid input data (e.g., missing title)"},{"ancestorTitles":["API Route: POST /api/jobs"],"duration":2,"failureDetails":[],"failureMessages":[],"fullName":"API Route: POST /api/jobs should return 401 if user is not authenticated","invocations":1,"location":null,"numPassingAsserts":4,"retryReasons":[],"status":"passed","title":"should return 401 if user is not authenticated"}],"endTime":1749065485859,"message":"","name":"/app/tests/api/jobs/jobs.test.ts","startTime":1749065485413,"status":"passed","summary":""}],"wasInterrupted":false}
